<?xml version="1.0" encoding="UTF-8"?>
<!-- Generated by org.testng.reporters.JUnitXMLReporter -->
<testsuite ignored="0" hostname="win-PC" failures="0" tests="3" name="test" time="139.115" errors="0" timestamp="2023-08-03T18:54:17 IST">
  <testcase classname="eCommerceProject.FlipKart" name="flipKartTest" time="51.373"/>
  <testcase classname="eCommerceProject.Ajio" name="aJioTest" time="42.697"/>
  <testcase classname="eCommerceProject.Amazon" name="amazontest" time="44.964"/>
</testsuite> <!-- test -->
