<?xml version="1.0" encoding="UTF-8"?>
<testng-results ignored="0" total="3" passed="3" failed="0" skipped="0">
  <reporter-output>
    <line>
      <![CDATA[Opening FlipKart]]>
    </line>
    <line>
      <![CDATA[Opening Ajio]]>
    </line>
    <line>
      <![CDATA[Opening Amazon]]>
    </line>
  </reporter-output>
  <suite started-at="2023-08-03T18:51:58 IST" name="Suite" finished-at="2023-08-03T18:54:17 IST" duration-ms="139115">
    <groups>
    </groups>
    <test started-at="2023-08-03T18:51:58 IST" name="test" finished-at="2023-08-03T18:54:17 IST" duration-ms="139115">
      <class name="eCommerceProject.FlipKart">
        <test-method signature="flipKartTest()[pri:0, instance:eCommerceProject.FlipKart@222545dc]" started-at="2023-08-03T18:51:58 IST" name="flipKartTest" finished-at="2023-08-03T18:52:49 IST" duration-ms="51373" status="PASS">
          <reporter-output>
            <line>
              <![CDATA[Opening FlipKart]]>
            </line>
          </reporter-output>
        </test-method> <!-- flipKartTest -->
      </class> <!-- eCommerceProject.FlipKart -->
      <class name="eCommerceProject.Ajio">
        <test-method signature="aJioTest()[pri:0, instance:eCommerceProject.Ajio@3a93b025]" started-at="2023-08-03T18:52:49 IST" name="aJioTest" finished-at="2023-08-03T18:53:32 IST" duration-ms="42697" status="PASS">
          <reporter-output>
            <line>
              <![CDATA[Opening Ajio]]>
            </line>
          </reporter-output>
        </test-method> <!-- aJioTest -->
      </class> <!-- eCommerceProject.Ajio -->
      <class name="eCommerceProject.Amazon">
        <test-method signature="amazontest()[pri:0, instance:eCommerceProject.Amazon@35cabb2a]" started-at="2023-08-03T18:53:32 IST" name="amazontest" finished-at="2023-08-03T18:54:17 IST" duration-ms="44964" status="PASS">
          <reporter-output>
            <line>
              <![CDATA[Opening Amazon]]>
            </line>
          </reporter-output>
        </test-method> <!-- amazontest -->
      </class> <!-- eCommerceProject.Amazon -->
    </test> <!-- test -->
  </suite> <!-- Suite -->
</testng-results>
